<?xml version="1.0" encoding="UTF-8"?>
<testsuite xmlns:xsi="http://www.w3.org/2001/XMLSchema-instance" xsi:noNamespaceSchemaLocation="https://maven.apache.org/surefire/maven-surefire-plugin/xsd/surefire-test-report.xsd" version="3.0.2" name="com.wesley.springboot.usuarios.UsuariosApplicationTests" time="2.855" tests="1" errors="0" skipped="0" failures="0" flakes="0">
  <properties>
[...]
</properties>
  <testcase name="contextLoads" classname="com.wesley.springboot.usuarios.UsuariosApplicationTests" time="0.29">
    <system-out><![CDATA[01:00:51.280 [main] INFO org.springframework.test.context.support.AnnotationConfigContextLoaderUtils -- Could not detect default configuration classes for test class [com.wesley.springboot.usuarios.UsuariosApplicationTests]: UsuariosApplicationTests does not declare any static, non-private, non-final, nested classes annotated with @Configuration.
01:00:51.382 [main] INFO org.springframework.boot.test.context.SpringBootTestContextBootstrapper -- Found @SpringBootConfiguration com.wesley.springboot.usuarios.UsuariosApplication for test class com.wesley.springboot.usuarios.UsuariosApplicationTests
01:00:51.431 [main] INFO org.springframework.test.context.support.AnnotationConfigContextLoaderUtils -- Could not detect default configuration classes for test class [com.wesley.springboot.usuarios.UsuariosApplicationTests]: UsuariosApplicationTests does not declare any static, non-private, non-final, nested classes annotated with @Configuration.
01:00:51.432 [main] INFO org.springframework.boot.test.context.SpringBootTestContextBootstrapper -- Found @SpringBootConfiguration com.wesley.springboot.usuarios.UsuariosApplication for test class com.wesley.springboot.usuarios.UsuariosApplicationTests
01:00:51.500 [main] INFO org.springframework.boot.devtools.restart.RestartApplicationListener -- Restart disabled due to context in which it is running

  .   ____          _            __ _ _
 /\\ / ___'_ __ _ _(_)_ __  __ _ \ \ \ \
( ( )\___ | '_ | '_| | '_ \/ _` | \ \ \ \
 \\/  ___)| |_)| | | | | || (_| |  ) ) ) )
  '  |____| .__|_| |_|_| |_\__, | / / / /
 =========|_|==============|___/=/_/_/_/

 :: Spring Boot ::                (v4.0.4)

2026-03-21T01:00:51.653-03:00  INFO 219716 --- [usuarios] [           main] c.w.s.usuarios.UsuariosApplicationTests  : Starting UsuariosApplicationTests using Java 17.0.18 with PID 219716 (started by wesleyruan in /home/wesleyruan/Documentos/Portifolio/usuarios)
2026-03-21T01:00:51.654-03:00  INFO 219716 --- [usuarios] [           main] c.w.s.usuarios.UsuariosApplicationTests  : No active profile set, falling back to 1 default profile: "default"
2026-03-21T01:00:52.034-03:00  INFO 219716 --- [usuarios] [           main] .s.d.r.c.RepositoryConfigurationDelegate : Bootstrapping Spring Data JPA repositories in DEFAULT mode.
2026-03-21T01:00:52.080-03:00  INFO 219716 --- [usuarios] [           main] .s.d.r.c.RepositoryConfigurationDelegate : Finished Spring Data repository scanning in 39 ms. Found 1 JPA repository interface.
2026-03-21T01:00:52.324-03:00  INFO 219716 --- [usuarios] [           main] com.zaxxer.hikari.HikariDataSource       : HikariPool-1 - Starting...
2026-03-21T01:00:52.432-03:00  INFO 219716 --- [usuarios] [           main] com.zaxxer.hikari.pool.HikariPool        : HikariPool-1 - Added connection conn0: url=jdbc:h2:mem:0ab32506-ca04-4a70-90b1-3daecc109596 user=SA
2026-03-21T01:00:52.433-03:00  INFO 219716 --- [usuarios] [           main] com.zaxxer.hikari.HikariDataSource       : HikariPool-1 - Start completed.
2026-03-21T01:00:52.467-03:00  INFO 219716 --- [usuarios] [           main] org.hibernate.orm.jpa                    : HHH008540: Processing PersistenceUnitInfo [name: default]
2026-03-21T01:00:52.507-03:00  INFO 219716 --- [usuarios] [           main] org.hibernate.orm.core                   : HHH000001: Hibernate ORM core version 7.2.7.Final
2026-03-21T01:00:52.806-03:00  INFO 219716 --- [usuarios] [           main] o.s.o.j.p.SpringPersistenceUnitInfo      : No LoadTimeWeaver setup: ignoring JPA class transformer
2026-03-21T01:00:52.863-03:00  INFO 219716 --- [usuarios] [           main] org.hibernate.orm.connections.pooling    : HHH10001005: Database info:
	Database JDBC URL [jdbc:h2:mem:0ab32506-ca04-4a70-90b1-3daecc109596]
	Database driver: H2 JDBC Driver
	Database dialect: H2Dialect
	Database version: 2.4.240
	Default catalog/schema: 0AB32506-CA04-4A70-90B1-3DAECC109596/PUBLIC
	Autocommit mode: undefined/unknown
	Isolation level: READ_COMMITTED [default READ_COMMITTED]
	JDBC fetch size: 100
	Pool: DataSourceConnectionProvider
	Minimum pool size: undefined/unknown
	Maximum pool size: undefined/unknown
2026-03-21T01:00:53.289-03:00  INFO 219716 --- [usuarios] [           main] org.hibernate.orm.core                   : HHH000489: No JTA platform available (set 'hibernate.transaction.jta.platform' to enable JTA platform integration)
2026-03-21T01:00:53.314-03:00  INFO 219716 --- [usuarios] [           main] j.LocalContainerEntityManagerFactoryBean : Initialized JPA EntityManagerFactory for persistence unit 'default'
2026-03-21T01:00:53.373-03:00  INFO 219716 --- [usuarios] [           main] o.s.d.j.r.query.QueryEnhancerFactories   : Hibernate is in classpath; If applicable, HQL parser will be used.
2026-03-21T01:00:53.468-03:00  WARN 219716 --- [usuarios] [           main] JpaBaseConfiguration$JpaWebConfiguration : spring.jpa.open-in-view is enabled by default. Therefore, database queries may be performed during view rendering. Explicitly configure spring.jpa.open-in-view to disable this warning
2026-03-21T01:00:53.721-03:00  INFO 219716 --- [usuarios] [           main] c.w.s.usuarios.UsuariosApplicationTests  : Started UsuariosApplicationTests in 2.234 seconds (process running for 2.984)
]]></system-out>
  </testcase>
</testsuite>