<?xml version="1.0" encoding="UTF-8"?>
<testsuite xmlns:xsi="http://www.w3.org/2001/XMLSchema-instance" xsi:noNamespaceSchemaLocation="https://maven.apache.org/surefire/maven-surefire-plugin/xsd/surefire-test-report.xsd" version="3.0.2" name="com.wesley.springboot.usuarios.Service.UserServiceTest" time="0.215" tests="2" errors="0" skipped="0" failures="0" flakes="0">
  <properties>
[...]
</properties>
  <testcase name="testFindById_UserExists" classname="com.wesley.springboot.usuarios.Service.UserServiceTest" time="0.209"/>
  <testcase name="testFindById_UserNotFound" classname="com.wesley.springboot.usuarios.Service.UserServiceTest" time="0.004"/>
</testsuite>